<test-run id="2" testcasecount="4" result="Passed" start-time="2025-11-25 23:15:10.802477" end-time="2025-11-25 23:15:13.227960" duration="2" total="4" passed="4" failed="0" inconclusive="0" skipped="0" asserts="0" clr-version="3.9.7 (default, Sep 16 2021, 13:09:58) &#10;[GCC 7.5.0]" engine-version="3.6.2"><command-line>/home/nubol23/anaconda3/bin/pytest packages/shared_data_layer/tests/test_missing_elements.py</command-line><filter><test re="0">packages/shared_data_layer/tests/test_missing_elements.py</test></filter><test-suite id="tests/test_missing_elements.py" name="tests/test_missing_elements.py" fullname="tests/test_missing_elements.py" methodname="" classname="" runstate="Runnable" type="Assembly" testcasecount="4" result="Passed" label="" start-time="2025-11-25 23:15:12.928942" end-time="2025-11-25 23:15:13.227643" duration="0.298701" asserts="0" total="4" passed="4" failed="0" warnings="0" inconclusive="0" skipped="0"><properties><property name="python_version" value="3.9.7 (default, Sep 16 2021, 13:09:58) &#10;[GCC 7.5.0]" /></properties><test-case id="100" name="tests/test_missing_elements.py::test_pillar_answer_creation" fullname="tests/test_missing_elements.py::test_pillar_answer_creation" methodname="test_pillar_answer_creation" classname="tests/test_missing_elements.py" runstate="Runnable" seed="1" result="Passed" label="" start-time="2025-11-25 23:15:12.928942" end-time="2025-11-25 23:15:12.965597" duration="0.036655" asserts="0"><properties><property name="python-version" value="3.9.7 (default, Sep 16 2021, 13:09:58) &#10;[GCC 7.5.0]" /><property name="fspath" value="tests/test_missing_elements.py" /></properties><environment framework-version="3.6.2" clr-version="3.9.7 (default, Sep 16 2021, 13:09:58) &#10;[GCC 7.5.0]" os-version="6.8.0-87-generic" platform="Linux" cwd="/home/nubol23/Desktop/Codes/Vizonomy/housing-microservices" machine-name="x86_64" user="" user-domain="" culture="en_US" uiculture="en_US" os-architecture="64bit" /><failure><message><![CDATA[]]></message><stack-trace><![CDATA[None]]></stack-trace></failure><reason><message><![CDATA[]]></message></reason><output><![CDATA[]]></output></test-case><test-case id="101" name="tests/test_missing_elements.py::test_graph_entity_embedding" fullname="tests/test_missing_elements.py::test_graph_entity_embedding" methodname="test_graph_entity_embedding" classname="tests/test_missing_elements.py" runstate="Runnable" seed="1" result="Passed" label="" start-time="2025-11-25 23:15:12.966555" end-time="2025-11-25 23:15:12.975490" duration="0.008935" asserts="0"><properties><property name="python-version" value="3.9.7 (default, Sep 16 2021, 13:09:58) &#10;[GCC 7.5.0]" /><property name="fspath" value="tests/test_missing_elements.py" /></properties><environment framework-version="3.6.2" clr-version="3.9.7 (default, Sep 16 2021, 13:09:58) &#10;[GCC 7.5.0]" os-version="6.8.0-87-generic" platform="Linux" cwd="/home/nubol23/Desktop/Codes/Vizonomy/housing-microservices" machine-name="x86_64" user="" user-domain="" culture="en_US" uiculture="en_US" os-architecture="64bit" /><failure><message><![CDATA[]]></message><stack-trace><![CDATA[None]]></stack-trace></failure><reason><message><![CDATA[]]></message></reason><output><![CDATA[]]></output></test-case><test-case id="102" name="tests/test_missing_elements.py::test_graph_edge_evidence_span" fullname="tests/test_missing_elements.py::test_graph_edge_evidence_span" methodname="test_graph_edge_evidence_span" classname="tests/test_missing_elements.py" runstate="Runnable" seed="1" result="Passed" label="" start-time="2025-11-25 23:15:12.976169" end-time="2025-11-25 23:15:13.007841" duration="0.031672" asserts="0"><properties><property name="python-version" value="3.9.7 (default, Sep 16 2021, 13:09:58) &#10;[GCC 7.5.0]" /><property name="fspath" value="tests/test_missing_elements.py" /></properties><environment framework-version="3.6.2" clr-version="3.9.7 (default, Sep 16 2021, 13:09:58) &#10;[GCC 7.5.0]" os-version="6.8.0-87-generic" platform="Linux" cwd="/home/nubol23/Desktop/Codes/Vizonomy/housing-microservices" machine-name="x86_64" user="" user-domain="" culture="en_US" uiculture="en_US" os-architecture="64bit" /><failure><message><![CDATA[]]></message><stack-trace><![CDATA[None]]></stack-trace></failure><reason><message><![CDATA[]]></message></reason><output><![CDATA[]]></output></test-case><test-case id="103" name="tests/test_missing_elements.py::test_workflow_edge_transition_type" fullname="tests/test_missing_elements.py::test_workflow_edge_transition_type" methodname="test_workflow_edge_transition_type" classname="tests/test_missing_elements.py" runstate="Runnable" seed="1" result="Passed" label="" start-time="2025-11-25 23:15:13.008509" end-time="2025-11-25 23:15:13.227643" duration="0.219134" asserts="0"><properties><property name="python-version" value="3.9.7 (default, Sep 16 2021, 13:09:58) &#10;[GCC 7.5.0]" /><property name="fspath" value="tests/test_missing_elements.py" /></properties><environment framework-version="3.6.2" clr-version="3.9.7 (default, Sep 16 2021, 13:09:58) &#10;[GCC 7.5.0]" os-version="6.8.0-87-generic" platform="Linux" cwd="/home/nubol23/Desktop/Codes/Vizonomy/housing-microservices" machine-name="x86_64" user="" user-domain="" culture="en_US" uiculture="en_US" os-architecture="64bit" /><failure><message><![CDATA[]]></message><stack-trace><![CDATA[None]]></stack-trace></failure><reason><message><![CDATA[]]></message></reason><output><![CDATA[]]></output></test-case><environment framework-version="3.6.2" clr-version="3.9.7 (default, Sep 16 2021, 13:09:58) &#10;[GCC 7.5.0]" os-version="6.8.0-87-generic" platform="Linux" cwd="/home/nubol23/Desktop/Codes/Vizonomy/housing-microservices" machine-name="x86_64" user="" user-domain="" culture="en_US" uiculture="en_US" os-architecture="64bit" /></test-suite></test-run>